<?xml version="1.0" encoding="UTF-8"?>
<!-- Generated by org.testng.reporters.JUnitReportReporter -->
<testsuite hostname="DESKTOP-O5L6OUE" failures="0" tests="6" name="testCases.TC003_LoginDDT" time="-1748864640.000" errors="1" timestamp="2025-06-02T17:12:29 IST" skipped="5">
  <testcase classname="testCases.TC003_LoginDDT" name="Verify_Loginddt" time="0.000">
    <skipped/>
  </testcase> <!-- Verify_Loginddt -->
  <testcase classname="testCases.TC003_LoginDDT" name="stepup" time="-1748864640.000">
    <error message="
Parameter &#039;os&#039; is required by BeforeClass on method stepup but has not been marked @Optional or defined
in C:\Users\Lenovo\Desktop\Selenium work_location\Sample_Project\testng.xml" type="org.testng.TestNGException">
      <![CDATA[org.testng.TestNGException: 
Parameter 'os' is required by BeforeClass on method stepup but has not been marked @Optional or defined
in C:\Users\Lenovo\Desktop\Selenium work_location\Sample_Project\testng.xml
at org.testng.internal.Parameters.createParams(Parameters.java:267)
at org.testng.internal.Parameters.createParametersForMethod(Parameters.java:355)
at org.testng.internal.Parameters.createParameters(Parameters.java:693)
at org.testng.internal.Parameters.createConfigurationParameters(Parameters.java:166)
at org.testng.internal.invokers.ConfigInvoker.invokeConfigurations(ConfigInvoker.java:306)
at org.testng.internal.invokers.TestMethodWorker.invokeBeforeClassMethods(TestMethodWorker.java:180)
at org.testng.internal.invokers.TestMethodWorker.run(TestMethodWorker.java:122)
at java.base/java.util.ArrayList.forEach(ArrayList.java:1511)
at org.testng.TestRunner.privateRun(TestRunner.java:819)
at org.testng.TestRunner.run(TestRunner.java:619)
at org.testng.SuiteRunner.runTest(SuiteRunner.java:443)
at org.testng.SuiteRunner$SuiteWorker.run(SuiteRunner.java:481)
at org.testng.internal.thread.ThreadUtil.lambda$execute$0(ThreadUtil.java:58)
at java.base/java.util.concurrent.FutureTask.run(FutureTask.java:264)
at java.base/java.util.concurrent.ThreadPoolExecutor.runWorker(ThreadPoolExecutor.java:1130)
at java.base/java.util.concurrent.ThreadPoolExecutor$Worker.run(ThreadPoolExecutor.java:630)
at java.base/java.lang.Thread.run(Thread.java:832)
]]>
    </error>
  </testcase> <!-- stepup -->
  <testcase classname="testCases.TC003_LoginDDT" name="Verify_Loginddt" time="0.000">
    <skipped/>
  </testcase> <!-- Verify_Loginddt -->
  <testcase classname="testCases.TC003_LoginDDT" name="Verify_Loginddt" time="0.000">
    <skipped/>
  </testcase> <!-- Verify_Loginddt -->
  <testcase classname="testCases.TC003_LoginDDT" name="Verify_Loginddt" time="0.000">
    <skipped/>
  </testcase> <!-- Verify_Loginddt -->
  <testcase classname="testCases.TC003_LoginDDT" name="Verify_Loginddt" time="0.000">
    <skipped/>
  </testcase> <!-- Verify_Loginddt -->
</testsuite> <!-- testCases.TC003_LoginDDT -->
