<?xml version="1.0" encoding="UTF-8"?>
<!-- Generated by org.testng.reporters.JUnitXMLReporter -->
<testsuite ignored="0" hostname="DESKTOP-O5L6OUE" failures="0" tests="5" name="chromeTest" time="0.529" errors="0" timestamp="2025-06-02T17:04:18 IST">
  <testcase classname="testCases.BaseClass" name="@BeforeClass stepup" time="-1.748864057557E9">
    <failure type="org.testng.TestNGException" message="
Parameter &amp;apos;os&amp;apos; is required by BeforeClass on method stepup but has not been marked @Optional or defined
in C:\Users\Lenovo\Desktop\Selenium work_location\Sample_Project\testng.xml">
      <![CDATA[org.testng.TestNGException: 
Parameter 'os' is required by BeforeClass on method stepup but has not been marked @Optional or defined
in C:\Users\Lenovo\Desktop\Selenium work_location\Sample_Project\testng.xml
at java.base/java.util.ArrayList.forEach(ArrayList.java:1511)
at java.base/java.util.concurrent.FutureTask.run(FutureTask.java:264)
at java.base/java.util.concurrent.ThreadPoolExecutor.runWorker(ThreadPoolExecutor.java:1130)
at java.base/java.util.concurrent.ThreadPoolExecutor$Worker.run(ThreadPoolExecutor.java:630)
at java.base/java.lang.Thread.run(Thread.java:832)
... Removed 12 stack frames]]>
    </failure>
  </testcase> <!-- @BeforeClass stepup -->
  <testcase classname="testCases.BaseClass" name="@AfterClass teardown" time="0.0">
    <skipped/>
  </testcase> <!-- @AfterClass teardown -->
  <testcase classname="testCases.TC003_LoginDDT" name="Verify_Loginddt" time="0.0">
    <skipped/>
  </testcase> <!-- Verify_Loginddt -->
  <testcase classname="testCases.TC003_LoginDDT" name="Verify_Loginddt" time="0.0">
    <skipped/>
  </testcase> <!-- Verify_Loginddt -->
  <testcase classname="testCases.TC003_LoginDDT" name="Verify_Loginddt" time="0.0">
    <skipped/>
  </testcase> <!-- Verify_Loginddt -->
  <testcase classname="testCases.TC003_LoginDDT" name="Verify_Loginddt" time="0.0">
    <skipped/>
  </testcase> <!-- Verify_Loginddt -->
  <testcase classname="testCases.TC003_LoginDDT" name="Verify_Loginddt" time="0.0">
    <skipped/>
  </testcase> <!-- Verify_Loginddt -->
</testsuite> <!-- chromeTest -->
